Building DAG of jobs...
Using shell: /usr/bin/bash
Provided cores: 1 (use --cores to define parallelism)
Rules claiming more threads will be scaled down.
Job counts:
	count	jobs
	1	all
	1	fastqc1
	2

[Wed Feb 28 10:40:42 2024]
rule fastqc1:
    input: /mnt/ccrsf-static/Analysis/choudharis2/ATAC_Validation_CS036084_9ATAC_01082024/fastq/4_ATAC_test_Zymo_R1_001.fastq.gz, /mnt/ccrsf-static/Analysis/choudharis2/ATAC_Validation_CS036084_9ATAC_01082024/fastq/4_ATAC_test_Zymo_R2_001.fastq.gz
    output: Sample_4_ATAC_test_Zymo/4_ATAC_test_Zymo_R1_001_fastqc.html, Sample_4_ATAC_test_Zymo/4_ATAC_test_Zymo_R2_001_fastqc.html, Sample_4_ATAC_test_Zymo/4_ATAC_test_Zymo_run_raw_fastqc.err, Sample_4_ATAC_test_Zymo/4_ATAC_test_Zymo_run_raw_fastqc.log
    jobid: 1
    wildcards: sample=4_ATAC_test_Zymo

[Wed Feb 28 10:40:42 2024]
Error in rule fastqc1:
    jobid: 1
    output: Sample_4_ATAC_test_Zymo/4_ATAC_test_Zymo_R1_001_fastqc.html, Sample_4_ATAC_test_Zymo/4_ATAC_test_Zymo_R2_001_fastqc.html, Sample_4_ATAC_test_Zymo/4_ATAC_test_Zymo_run_raw_fastqc.err, Sample_4_ATAC_test_Zymo/4_ATAC_test_Zymo_run_raw_fastqc.log
    shell:
        fastQC -o Sample_4_ATAC_test_Zymo/ --noextract -k 5 -t 4 -f fastq /mnt/ccrsf-static/Analysis/choudharis2/ATAC_Validation_CS036084_9ATAC_01082024/fastq/4_ATAC_test_Zymo_R1_001.fastq.gz /mnt/ccrsf-static/Analysis/choudharis2/ATAC_Validation_CS036084_9ATAC_01082024/fastq/4_ATAC_test_Zymo_R2_001.fastq.gz 2>Sample_4_ATAC_test_Zymo/4_ATAC_test_Zymo_run_raw_fastqc.err 1>Sample_4_ATAC_test_Zymo/4_ATAC_test_Zymo_run_raw_fastqc.log
        (one of the commands exited with non-zero exit code; note that snakemake uses bash strict mode!)

Removing output files of failed job fastqc1 since they might be corrupted:
Sample_4_ATAC_test_Zymo/4_ATAC_test_Zymo_run_raw_fastqc.err, Sample_4_ATAC_test_Zymo/4_ATAC_test_Zymo_run_raw_fastqc.log
Shutting down, this might take some time.
Exiting because a job execution failed. Look above for error message
Complete log: /mnt/ccrsf-static/Analysis/choudharis2/ATAC_Validation_CS036084_9ATAC_01082024/workflow/.snakemake/log/2024-02-28T104041.916925.snakemake.log
